Copyright 1986-2020 Xilinx, Inc. All Rights Reserved.
---------------------------------------------------------------------------------------------------------------------
| Tool Version : Vivado v.2020.2 (lin64) Build 3064766 Wed Nov 18 09:12:47 MST 2020
| Date         : Thu Mar 24 19:14:55 2022
| Host         : caccolillo-OMEN-25L-Desktop-GT12-1xxx running 64-bit Ubuntu 20.04.4 LTS
| Command      : report_drc -file bd_wrapper_drc_opted.rpt -pb bd_wrapper_drc_opted.pb -rpx bd_wrapper_drc_opted.rpx
| Design       : bd_wrapper
| Device       : xczu3eg-sbva484-1-i
| Speed File   : -1
| Design State : Synthesized
---------------------------------------------------------------------------------------------------------------------

Report DRC

Table of Contents
-----------------
1. REPORT SUMMARY
2. REPORT DETAILS

1. REPORT SUMMARY
-----------------
            Netlist: netlist
          Floorplan: design_1
      Design limits: <entire design considered>
           Ruledeck: default
             Max violations: <unlimited>
             Violations found: 0
+------+----------+-------------+------------+
| Rule | Severity | Description | Violations |
+------+----------+-------------+------------+
+------+----------+-------------+------------+

2. REPORT DETAILS
-----------------

